2025-03-07 15:56:30,835 - hierarchy_updater - INFO - Using category map: D:\RS_AI\pandemic-code\psc-dreambot-integration\mapping\ActionID_CategoryMap.json
2025-03-07 15:56:30,836 - hierarchy_updater - INFO - Using action hierarchy: D:\RS_AI\pandemic-code\psc-dreambot-integration\libraries\action_hierarchy_library.json
2025-03-07 15:56:30,837 - hierarchy_updater - INFO - Found 280 actions in category map missing from hierarchy
2025-03-07 15:56:30,837 - hierarchy_updater - INFO - Created backup: D:\RS_AI\pandemic-code\psc-dreambot-integration\libraries\action_hierarchy_library.json.bak
2025-03-07 15:56:30,837 - hierarchy_updater - INFO - Adding 15 actions in category 'banking':
2025-03-07 15:56:30,838 - hierarchy_updater - INFO -   - BANK_DEPOSIT_INVENTORY_ITEM
2025-03-07 15:56:30,838 - hierarchy_updater - INFO -   - BANK_WITHDRAW_ITEM_AMOUNT
2025-03-07 15:56:30,838 - hierarchy_updater - INFO -   - BANK_WITHDRAW_ITEM_AMOUNT_EXACT
2025-03-07 15:56:30,838 - hierarchy_updater - INFO -   - BANK_WITHDRAW_ALL_ITEM
2025-03-07 15:56:30,838 - hierarchy_updater - INFO -   - BANK_WITHDRAW_NOTED_ITEM
2025-03-07 15:56:30,839 - hierarchy_updater - INFO -   - BANK_WITHDRAW_NOTED_ITEM_AMOUNT
2025-03-07 15:56:30,839 - hierarchy_updater - INFO -   - BANK_CLOSE
2025-03-07 15:56:30,839 - hierarchy_updater - INFO -   - BANK_OPEN
2025-03-07 15:56:30,839 - hierarchy_updater - INFO -   - BANK_SET_PIN
2025-03-07 15:56:30,839 - hierarchy_updater - INFO -   - BANK_FIND_ITEM
2025-03-07 15:56:30,839 - hierarchy_updater - INFO -   - BANK_DEPOSIT_EQUIPMENT
2025-03-07 15:56:30,840 - hierarchy_updater - INFO -   - BANK_CHECK_ITEM_COUNT
2025-03-07 15:56:30,840 - hierarchy_updater - INFO -   - WALK_FULLY_TO_NEAREST_BANK
2025-03-07 15:56:30,840 - hierarchy_updater - INFO -   - WITHDRAW_ALL_AS_ITEM
2025-03-07 15:56:30,840 - hierarchy_updater - INFO -   - WITHDRAW_ALL_AS_NOTE
2025-03-07 15:56:30,840 - hierarchy_updater - INFO - Adding 15 actions in category 'widget':
2025-03-07 15:56:30,840 - hierarchy_updater - INFO -   - WIDGET_INTERACT
2025-03-07 15:56:30,840 - hierarchy_updater - INFO -   - WIDGET_GET_CHILDREN
2025-03-07 15:56:30,840 - hierarchy_updater - INFO -   - WIDGET_INTERACT_ITEM
2025-03-07 15:56:30,841 - hierarchy_updater - INFO -   - WIDGET_INTERACT_TEXT
2025-03-07 15:56:30,841 - hierarchy_updater - INFO -   - WIDGET_GET_TEXT
2025-03-07 15:56:30,841 - hierarchy_updater - INFO -   - WIDGET_GET_HIDDEN_STATUS
2025-03-07 15:56:30,841 - hierarchy_updater - INFO -   - WIDGET_COMPONENT_CLICK
2025-03-07 15:56:30,841 - hierarchy_updater - INFO -   - WIDGET_SELECT_OPTION
2025-03-07 15:56:30,841 - hierarchy_updater - INFO -   - DIALOG_HANDLE
2025-03-07 15:56:30,842 - hierarchy_updater - INFO -   - DIALOG_HANDLE_CONTINUE
2025-03-07 15:56:30,842 - hierarchy_updater - INFO -   - DIALOG_HANDLE_OPTION
2025-03-07 15:56:30,842 - hierarchy_updater - INFO -   - DIALOG_CHAT_CONTINUE
2025-03-07 15:56:30,842 - hierarchy_updater - INFO -   - DIALOG_CHAT_OPTION
2025-03-07 15:56:30,842 - hierarchy_updater - INFO -   - DIALOG_NPC
2025-03-07 15:56:30,842 - hierarchy_updater - INFO -   - DIALOG_CHECK_TALKING
2025-03-07 15:56:30,842 - hierarchy_updater - INFO - Adding 19 actions in category 'variables_list':
2025-03-07 15:56:30,842 - hierarchy_updater - INFO -   - CREATE_VARIABLE
2025-03-07 15:56:30,842 - hierarchy_updater - INFO -   - GET_VARIABLE
2025-03-07 15:56:30,842 - hierarchy_updater - INFO -   - DELETE_VARIABLE
2025-03-07 15:56:30,842 - hierarchy_updater - INFO -   - INCREMENT_VARIABLE
2025-03-07 15:56:30,843 - hierarchy_updater - INFO -   - DECREMENT_VARIABLE
2025-03-07 15:56:30,843 - hierarchy_updater - INFO -   - CLEAR_LIST
2025-03-07 15:56:30,843 - hierarchy_updater - INFO -   - CHECK_LIST_CONTAINS
2025-03-07 15:56:30,843 - hierarchy_updater - INFO -   - GET_LIST_SIZE
2025-03-07 15:56:30,843 - hierarchy_updater - INFO -   - GET_LIST_ITEM
2025-03-07 15:56:30,843 - hierarchy_updater - INFO -   - REPLACE_LIST_ITEM
2025-03-07 15:56:30,843 - hierarchy_updater - INFO -   - GET_RANDOM_LIST_ITEM
2025-03-07 15:56:30,843 - hierarchy_updater - INFO -   - SORT_LIST
2025-03-07 15:56:30,843 - hierarchy_updater - INFO -   - SHUFFLE_LIST
2025-03-07 15:56:30,844 - hierarchy_updater - INFO -   - EXPORT_LIST_TO_VARIABLE
2025-03-07 15:56:30,844 - hierarchy_updater - INFO -   - EXPORT_VARIABLE_TO_LIST
2025-03-07 15:56:30,844 - hierarchy_updater - INFO -   - CHECK_TIMER
2025-03-07 15:56:30,844 - hierarchy_updater - INFO -   - PAUSE_TIMER
2025-03-07 15:56:30,844 - hierarchy_updater - INFO -   - RESUME_TIMER
2025-03-07 15:56:30,844 - hierarchy_updater - INFO -   - DELETE_TIMER
2025-03-07 15:56:30,844 - hierarchy_updater - INFO - Adding 13 actions in category 'entities_player':
2025-03-07 15:56:30,844 - hierarchy_updater - INFO -   - PLAYER_INTERACT
2025-03-07 15:56:30,844 - hierarchy_updater - INFO -   - PLAYER_GET_NAME
2025-03-07 15:56:30,844 - hierarchy_updater - INFO -   - PLAYER_GET_COMBAT_LEVEL
2025-03-07 15:56:30,844 - hierarchy_updater - INFO -   - PLAYER_GET_POSITION
2025-03-07 15:56:30,845 - hierarchy_updater - INFO -   - PLAYER_GET_ANIMATION
2025-03-07 15:56:30,845 - hierarchy_updater - INFO -   - PLAYER_GET_HEALTH
2025-03-07 15:56:30,845 - hierarchy_updater - INFO -   - PLAYER_GET_PRAYER
2025-03-07 15:56:30,845 - hierarchy_updater - INFO -   - PLAYER_GET_RUN_ENERGY
2025-03-07 15:56:30,845 - hierarchy_updater - INFO -   - PLAYER_TOGGLE_RUN
2025-03-07 15:56:30,845 - hierarchy_updater - INFO -   - PLAYER_GET_INTERACTING_NPC
2025-03-07 15:56:30,845 - hierarchy_updater - INFO -   - PLAYER_GET_INTERACTING_PLAYER
2025-03-07 15:56:30,845 - hierarchy_updater - INFO -   - PLAYER_GET_EQUIPMENT
2025-03-07 15:56:30,845 - hierarchy_updater - INFO -   - PLAYER_IS_MOVING
2025-03-07 15:56:30,845 - hierarchy_updater - INFO - Adding 12 actions in category 'entities_npcs':
2025-03-07 15:56:30,846 - hierarchy_updater - INFO -   - NPC_GET_NAME
2025-03-07 15:56:30,846 - hierarchy_updater - INFO -   - NPC_GET_ID
2025-03-07 15:56:30,846 - hierarchy_updater - INFO -   - NPC_GET_COMBAT_LEVEL
2025-03-07 15:56:30,846 - hierarchy_updater - INFO -   - NPC_GET_POSITION
2025-03-07 15:56:30,846 - hierarchy_updater - INFO -   - NPC_GET_HEALTH_PERCENT
2025-03-07 15:56:30,846 - hierarchy_updater - INFO -   - NPC_GET_ANIMATION
2025-03-07 15:56:30,846 - hierarchy_updater - INFO -   - NPC_GET_DISTANCE
2025-03-07 15:56:30,846 - hierarchy_updater - INFO -   - NPC_IS_INTERACTING_WITH_ME
2025-03-07 15:56:30,847 - hierarchy_updater - INFO -   - NPC_IS_INTERACTING_WITH_PLAYER
2025-03-07 15:56:30,847 - hierarchy_updater - INFO -   - NPC_FIND_NEAREST
2025-03-07 15:56:30,847 - hierarchy_updater - INFO -   - NPC_FIND_ALL
2025-03-07 15:56:30,847 - hierarchy_updater - INFO -   - NPC_COUNT
2025-03-07 15:56:30,847 - hierarchy_updater - INFO - Adding 45 actions in category 'logic':
2025-03-07 15:56:30,847 - hierarchy_updater - INFO -   - IF_INVENTORY_CONTAINS_ALL
2025-03-07 15:56:30,847 - hierarchy_updater - INFO -   - IF_INVENTORY_DOES_NOT_CONTAIN
2025-03-07 15:56:30,847 - hierarchy_updater - INFO -   - IF_EQUIPMENT_CONTAINS
2025-03-07 15:56:30,847 - hierarchy_updater - INFO -   - IF_EQUIPMENT_DOES_NOT_CONTAIN
2025-03-07 15:56:30,847 - hierarchy_updater - INFO -   - IF_LOCAL_PLAYER_IS_MOVING
2025-03-07 15:56:30,848 - hierarchy_updater - INFO -   - IF_LOCAL_PLAYER_IS_NOT_MOVING
2025-03-07 15:56:30,848 - hierarchy_updater - INFO -   - IF_LOCAL_PLAYER_IS_ANIMATING
2025-03-07 15:56:30,848 - hierarchy_updater - INFO -   - IF_LOCAL_PLAYER_IS_NOT_ANIMATING
2025-03-07 15:56:30,848 - hierarchy_updater - INFO -   - IF_LOCAL_PLAYER_PRAYER_PERCENTAGE
2025-03-07 15:56:30,848 - hierarchy_updater - INFO -   - IF_LOCAL_PLAYER_RUN_ENERGY
2025-03-07 15:56:30,848 - hierarchy_updater - INFO -   - IF_OBJECT_EXISTS
2025-03-07 15:56:30,848 - hierarchy_updater - INFO -   - IF_PLAYER_EXISTS
2025-03-07 15:56:30,848 - hierarchy_updater - INFO -   - IF_MENU_OPEN
2025-03-07 15:56:30,848 - hierarchy_updater - INFO -   - IF_DIALOG_OPEN
2025-03-07 15:56:30,848 - hierarchy_updater - INFO -   - IF_VARIABLE_EQUALS
2025-03-07 15:56:30,848 - hierarchy_updater - INFO -   - IF_VARIABLE_NOT_EQUALS
2025-03-07 15:56:30,849 - hierarchy_updater - INFO -   - IF_VARIABLE_GREATER_THAN
2025-03-07 15:56:30,849 - hierarchy_updater - INFO -   - IF_VARIABLE_LESS_THAN
2025-03-07 15:56:30,849 - hierarchy_updater - INFO -   - IF_VARIABLE_GREATER_OR_EQUAL
2025-03-07 15:56:30,849 - hierarchy_updater - INFO -   - IF_VARIABLE_LESS_OR_EQUAL
2025-03-07 15:56:30,849 - hierarchy_updater - INFO -   - IF_VARIABLE_CONTAINS
2025-03-07 15:56:30,849 - hierarchy_updater - INFO -   - IF_LIST_EMPTY
2025-03-07 15:56:30,849 - hierarchy_updater - INFO -   - IF_LIST_NOT_EMPTY
2025-03-07 15:56:30,849 - hierarchy_updater - INFO -   - IF_LIST_SIZE
2025-03-07 15:56:30,849 - hierarchy_updater - INFO -   - IF_TIMER_IS_RUNNING
2025-03-07 15:56:30,849 - hierarchy_updater - INFO -   - IF_TIMER_IS_PAUSED
2025-03-07 15:56:30,849 - hierarchy_updater - INFO -   - IF_DISTANCE_TO_POSITION
2025-03-07 15:56:30,850 - hierarchy_updater - INFO -   - IF_DISTANCE_TO_OBJECT
2025-03-07 15:56:30,850 - hierarchy_updater - INFO -   - IF_DISTANCE_TO_NPC
2025-03-07 15:56:30,850 - hierarchy_updater - INFO -   - IF_DISTANCE_TO_PLAYER
2025-03-07 15:56:30,850 - hierarchy_updater - INFO -   - IF_DISTANCE_TO_GROUND_ITEM
2025-03-07 15:56:30,850 - hierarchy_updater - INFO -   - IF_RANDOM_CHANCE
2025-03-07 15:56:30,850 - hierarchy_updater - INFO -   - WHILE_INVENTORY_CONTAINS
2025-03-07 15:56:30,850 - hierarchy_updater - INFO -   - WHILE_NOT_IN_COMBAT
2025-03-07 15:56:30,850 - hierarchy_updater - INFO -   - WHILE_VARIABLE_EQUALS
2025-03-07 15:56:30,850 - hierarchy_updater - INFO -   - WHILE_VARIABLE_NOT_EQUALS
2025-03-07 15:56:30,850 - hierarchy_updater - INFO -   - WHILE_VARIABLE_GREATER_THAN
2025-03-07 15:56:30,850 - hierarchy_updater - INFO -   - WHILE_VARIABLE_LESS_THAN
2025-03-07 15:56:30,851 - hierarchy_updater - INFO -   - WHILE_TIMER_IS_RUNNING
2025-03-07 15:56:30,851 - hierarchy_updater - INFO -   - LOOP_THROUGH_LIST
2025-03-07 15:56:30,851 - hierarchy_updater - INFO -   - LOOP_N_TIMES
2025-03-07 15:56:30,851 - hierarchy_updater - INFO -   - BREAK
2025-03-07 15:56:30,851 - hierarchy_updater - INFO -   - CONTINUE
2025-03-07 15:56:30,851 - hierarchy_updater - INFO -   - RETURN
2025-03-07 15:56:30,851 - hierarchy_updater - INFO -   - EXIT_SCRIPT
2025-03-07 15:56:30,851 - hierarchy_updater - INFO - Adding 10 actions in category 'sleep':
2025-03-07 15:56:30,851 - hierarchy_updater - INFO -   - SLEEP
2025-03-07 15:56:30,851 - hierarchy_updater - INFO -   - SLEEP_GAUSSIAN
2025-03-07 15:56:30,851 - hierarchy_updater - INFO -   - SLEEP_UNTIL_CONDITION
2025-03-07 15:56:30,852 - hierarchy_updater - INFO -   - SLEEP_UNTIL_INVENTORY_CHANGES
2025-03-07 15:56:30,852 - hierarchy_updater - INFO -   - SLEEP_UNTIL_ANIMATION_ENDS
2025-03-07 15:56:30,852 - hierarchy_updater - INFO -   - SLEEP_UNTIL_DIALOG_APPEARS
2025-03-07 15:56:30,852 - hierarchy_updater - INFO -   - SLEEP_UNTIL_DIALOG_CLOSES
2025-03-07 15:56:30,852 - hierarchy_updater - INFO -   - SLEEP_UNTIL_BANK_OPENS
2025-03-07 15:56:30,852 - hierarchy_updater - INFO -   - SLEEP_UNTIL_BANK_CLOSES
2025-03-07 15:56:30,852 - hierarchy_updater - INFO -   - SLEEP_UNTIL_COMBAT_ENDS
2025-03-07 15:56:30,852 - hierarchy_updater - INFO - Adding 6 actions in category 'entities_ground_items':
2025-03-07 15:56:30,852 - hierarchy_updater - INFO -   - GROUND_ITEM_GET_NEAREST
2025-03-07 15:56:30,853 - hierarchy_updater - INFO -   - GROUND_ITEM_GET_ALL
2025-03-07 15:56:30,853 - hierarchy_updater - INFO -   - GROUND_ITEM_GET_AT_POSITION
2025-03-07 15:56:30,854 - hierarchy_updater - INFO -   - GROUND_ITEM_COUNT
2025-03-07 15:56:30,854 - hierarchy_updater - INFO -   - GROUND_ITEM_PICKUP
2025-03-07 15:56:30,854 - hierarchy_updater - INFO -   - GROUND_ITEM_PICKUP_ALL
2025-03-07 15:56:30,854 - hierarchy_updater - INFO - Adding 16 actions in category 'walking':
2025-03-07 15:56:30,854 - hierarchy_updater - INFO -   - WALK_TO_POSITION
2025-03-07 15:56:30,854 - hierarchy_updater - INFO -   - WALK_TO_AREA
2025-03-07 15:56:30,854 - hierarchy_updater - INFO -   - WALK_TO_OBJECT
2025-03-07 15:56:30,854 - hierarchy_updater - INFO -   - WALK_TO_NPC
2025-03-07 15:56:30,854 - hierarchy_updater - INFO -   - WALK_TO_PLAYER
2025-03-07 15:56:30,854 - hierarchy_updater - INFO -   - WALK_TO_GROUND_ITEM
2025-03-07 15:56:30,854 - hierarchy_updater - INFO -   - WALK_PATH
2025-03-07 15:56:30,854 - hierarchy_updater - INFO -   - WALK_MINIMAP_POINT
2025-03-07 15:56:30,855 - hierarchy_updater - INFO -   - WALK_SCREEN_POINT
2025-03-07 15:56:30,855 - hierarchy_updater - INFO -   - TELEPORT_TO_VARROCK
2025-03-07 15:56:30,855 - hierarchy_updater - INFO -   - TELEPORT_TO_LUMBRIDGE
2025-03-07 15:56:30,855 - hierarchy_updater - INFO -   - TELEPORT_TO_FALADOR
2025-03-07 15:56:30,855 - hierarchy_updater - INFO -   - TELEPORT_TO_CAMELOT
2025-03-07 15:56:30,855 - hierarchy_updater - INFO -   - TELEPORT_HOME
2025-03-07 15:56:30,855 - hierarchy_updater - INFO -   - TELEPORT_WITH_ITEM
2025-03-07 15:56:30,855 - hierarchy_updater - INFO -   - TELEPORT_WITH_SPELL
2025-03-07 15:56:30,855 - hierarchy_updater - INFO - Adding 12 actions in category 'inventory':
2025-03-07 15:56:30,855 - hierarchy_updater - INFO -   - INVENTORY_INTERACT_ITEM
2025-03-07 15:56:30,856 - hierarchy_updater - INFO -   - INVENTORY_USE_ITEM_ON_ITEM
2025-03-07 15:56:30,856 - hierarchy_updater - INFO -   - INVENTORY_USE_ITEM_ON_OBJECT
2025-03-07 15:56:30,856 - hierarchy_updater - INFO -   - INVENTORY_USE_ITEM_ON_NPC
2025-03-07 15:56:30,856 - hierarchy_updater - INFO -   - INVENTORY_USE_ITEM_ON_PLAYER
2025-03-07 15:56:30,856 - hierarchy_updater - INFO -   - INVENTORY_USE_ITEM_ON_GROUND_ITEM
2025-03-07 15:56:30,856 - hierarchy_updater - INFO -   - INVENTORY_GET_COUNT
2025-03-07 15:56:30,856 - hierarchy_updater - INFO -   - INVENTORY_GET_COUNT_STACKABLE
2025-03-07 15:56:30,856 - hierarchy_updater - INFO -   - INVENTORY_ITEM_SLOT
2025-03-07 15:56:30,856 - hierarchy_updater - INFO -   - INVENTORY_ITEM_ACTION
2025-03-07 15:56:30,856 - hierarchy_updater - INFO -   - INVENTORY_OPEN
2025-03-07 15:56:30,856 - hierarchy_updater - INFO -   - INVENTORY_CLOSE
2025-03-07 15:56:30,857 - hierarchy_updater - INFO - Adding 8 actions in category 'equipment':
2025-03-07 15:56:30,857 - hierarchy_updater - INFO -   - EQUIPMENT_EQUIP_ITEM
2025-03-07 15:56:30,857 - hierarchy_updater - INFO -   - EQUIPMENT_UNEQUIP_ITEM
2025-03-07 15:56:30,857 - hierarchy_updater - INFO -   - EQUIPMENT_INTERACT_ITEM
2025-03-07 15:56:30,857 - hierarchy_updater - INFO -   - EQUIPMENT_CHECK_SLOT
2025-03-07 15:56:30,857 - hierarchy_updater - INFO -   - EQUIPMENT_GET_ITEM_ID
2025-03-07 15:56:30,857 - hierarchy_updater - INFO -   - EQUIPMENT_GET_ITEM_COUNT
2025-03-07 15:56:30,857 - hierarchy_updater - INFO -   - EQUIPMENT_OPEN
2025-03-07 15:56:30,857 - hierarchy_updater - INFO -   - EQUIPMENT_CLOSE
2025-03-07 15:56:30,857 - hierarchy_updater - INFO - Adding 15 actions in category 'combat':
2025-03-07 15:56:30,857 - hierarchy_updater - INFO -   - COMBAT_ATTACK_NPC
2025-03-07 15:56:30,857 - hierarchy_updater - INFO -   - COMBAT_ATTACK_PLAYER
2025-03-07 15:56:30,858 - hierarchy_updater - INFO -   - COMBAT_SET_STYLE
2025-03-07 15:56:30,858 - hierarchy_updater - INFO -   - COMBAT_TOGGLE_AUTO_RETALIATE
2025-03-07 15:56:30,858 - hierarchy_updater - INFO -   - COMBAT_GET_STYLE
2025-03-07 15:56:30,858 - hierarchy_updater - INFO -   - COMBAT_SET_WEAPON_MODE
2025-03-07 15:56:30,858 - hierarchy_updater - INFO -   - COMBAT_EAT_FOOD
2025-03-07 15:56:30,858 - hierarchy_updater - INFO -   - COMBAT_DRINK_POTION
2025-03-07 15:56:30,858 - hierarchy_updater - INFO -   - COMBAT_TOGGLE_SPECIAL_ATTACK
2025-03-07 15:56:30,858 - hierarchy_updater - INFO -   - COMBAT_USE_PRAYER
2025-03-07 15:56:30,858 - hierarchy_updater - INFO -   - COMBAT_TOGGLE_PRAYER
2025-03-07 15:56:30,858 - hierarchy_updater - INFO -   - COMBAT_TOGGLE_QUICK_PRAYER
2025-03-07 15:56:30,858 - hierarchy_updater - INFO -   - COMBAT_CHECK_HEALTH
2025-03-07 15:56:30,859 - hierarchy_updater - INFO -   - COMBAT_CHECK_PRAYER
2025-03-07 15:56:30,859 - hierarchy_updater - INFO -   - COMBAT_CHECK_RUN_ENERGY
2025-03-07 15:56:30,859 - hierarchy_updater - INFO - Adding 8 actions in category 'entities_game_objects':
2025-03-07 15:56:30,859 - hierarchy_updater - INFO -   - GAME_OBJECT_GET_NEAREST
2025-03-07 15:56:30,859 - hierarchy_updater - INFO -   - GAME_OBJECT_GET_ALL
2025-03-07 15:56:30,859 - hierarchy_updater - INFO -   - GAME_OBJECT_GET_AT_POSITION
2025-03-07 15:56:30,859 - hierarchy_updater - INFO -   - GAME_OBJECT_COUNT
2025-03-07 15:56:30,859 - hierarchy_updater - INFO -   - GAME_OBJECT_ACTION
2025-03-07 15:56:30,860 - hierarchy_updater - INFO -   - GAME_OBJECT_ID
2025-03-07 15:56:30,860 - hierarchy_updater - INFO -   - GAME_OBJECT_NAME
2025-03-07 15:56:30,860 - hierarchy_updater - INFO -   - GAME_OBJECT_DISTANCE
2025-03-07 15:56:30,860 - hierarchy_updater - INFO - Adding 8 actions in category 'skills':
2025-03-07 15:56:30,860 - hierarchy_updater - INFO -   - SKILL_GET_LEVEL
2025-03-07 15:56:30,860 - hierarchy_updater - INFO -   - SKILL_GET_EXPERIENCE
2025-03-07 15:56:30,860 - hierarchy_updater - INFO -   - SKILL_GET_REAL_LEVEL
2025-03-07 15:56:30,860 - hierarchy_updater - INFO -   - SKILL_GET_BOOSTED_LEVEL
2025-03-07 15:56:30,860 - hierarchy_updater - INFO -   - SKILL_GET_EXPERIENCE_TO_LEVEL
2025-03-07 15:56:30,860 - hierarchy_updater - INFO -   - SKILL_GET_PERCENTAGE_TO_LEVEL
2025-03-07 15:56:30,860 - hierarchy_updater - INFO -   - SKILL_TOTAL_LEVEL
2025-03-07 15:56:30,861 - hierarchy_updater - INFO -   - SKILL_TOTAL_EXPERIENCE
2025-03-07 15:56:30,861 - hierarchy_updater - INFO - Adding 11 actions in category 'utilities':
2025-03-07 15:56:30,861 - hierarchy_updater - INFO -   - LOG
2025-03-07 15:56:30,861 - hierarchy_updater - INFO -   - DEBUG_LOG
2025-03-07 15:56:30,861 - hierarchy_updater - INFO -   - ERROR_LOG
2025-03-07 15:56:30,861 - hierarchy_updater - INFO -   - TAKE_SCREENSHOT
2025-03-07 15:56:30,861 - hierarchy_updater - INFO -   - RANDOM_NUMBER
2025-03-07 15:56:30,861 - hierarchy_updater - INFO -   - ROTATE_CAMERA
2025-03-07 15:56:30,861 - hierarchy_updater - INFO -   - MOVE_MOUSE_RANDOMLY
2025-03-07 15:56:30,861 - hierarchy_updater - INFO -   - GET_CURRENT_TIME
2025-03-07 15:56:30,862 - hierarchy_updater - INFO -   - FORMAT_DATE_TIME
2025-03-07 15:56:30,862 - hierarchy_updater - INFO -   - CALCULATE_DISTANCE
2025-03-07 15:56:30,862 - hierarchy_updater - INFO -   - EXECUTE_AFTER_DELAY
2025-03-07 15:56:30,862 - hierarchy_updater - INFO - Adding 11 actions in category 'antiban':
2025-03-07 15:56:30,862 - hierarchy_updater - INFO -   - ANTIBAN_RANDOM_MOUSE_MOVEMENT
2025-03-07 15:56:30,862 - hierarchy_updater - INFO -   - ANTIBAN_RANDOM_CAMERA_ROTATION
2025-03-07 15:56:30,862 - hierarchy_updater - INFO -   - ANTIBAN_RANDOM_IDLE
2025-03-07 15:56:30,862 - hierarchy_updater - INFO -   - ANTIBAN_EXAMINE_ENTITY
2025-03-07 15:56:30,862 - hierarchy_updater - INFO -   - ANTIBAN_HOVER_PLAYER
2025-03-07 15:56:30,862 - hierarchy_updater - INFO -   - ANTIBAN_HOVER_NPC
2025-03-07 15:56:30,862 - hierarchy_updater - INFO -   - ANTIBAN_HOVER_OBJECT
2025-03-07 15:56:30,862 - hierarchy_updater - INFO -   - ANTIBAN_CHECK_STATS
2025-03-07 15:56:30,863 - hierarchy_updater - INFO -   - ANTIBAN_OPEN_RANDOM_TAB
2025-03-07 15:56:30,863 - hierarchy_updater - INFO -   - ANTIBAN_MOVE_RANDOMLY
2025-03-07 15:56:30,863 - hierarchy_updater - INFO -   - ANTIBAN_BREAK_HANDLER
2025-03-07 15:56:30,863 - hierarchy_updater - INFO - Adding 8 actions in category 'grand_exchange':
2025-03-07 15:56:30,863 - hierarchy_updater - INFO -   - GE_OPEN
2025-03-07 15:56:30,863 - hierarchy_updater - INFO -   - GE_CLOSE
2025-03-07 15:56:30,863 - hierarchy_updater - INFO -   - GE_BUY_ITEM
2025-03-07 15:56:30,863 - hierarchy_updater - INFO -   - GE_SELL_ITEM
2025-03-07 15:56:30,863 - hierarchy_updater - INFO -   - GE_COLLECT
2025-03-07 15:56:30,863 - hierarchy_updater - INFO -   - GE_CHECK_OFFER_STATUS
2025-03-07 15:56:30,863 - hierarchy_updater - INFO -   - GE_ABORT_OFFER
2025-03-07 15:56:30,864 - hierarchy_updater - INFO -   - GE_GET_ITEM_PRICE
2025-03-07 15:56:30,864 - hierarchy_updater - INFO - Adding 9 actions in category 'prayer':
2025-03-07 15:56:30,864 - hierarchy_updater - INFO -   - PRAYER_ACTIVATE
2025-03-07 15:56:30,864 - hierarchy_updater - INFO -   - PRAYER_DEACTIVATE
2025-03-07 15:56:30,864 - hierarchy_updater - INFO -   - PRAYER_TOGGLE
2025-03-07 15:56:30,864 - hierarchy_updater - INFO -   - PRAYER_ACTIVATE_ALL
2025-03-07 15:56:30,864 - hierarchy_updater - INFO -   - PRAYER_DEACTIVATE_ALL
2025-03-07 15:56:30,864 - hierarchy_updater - INFO -   - PRAYER_IS_ACTIVE
2025-03-07 15:56:30,864 - hierarchy_updater - INFO -   - PRAYER_GET_POINTS
2025-03-07 15:56:30,864 - hierarchy_updater - INFO -   - PRAYER_SET_QUICK_PRAYERS
2025-03-07 15:56:30,864 - hierarchy_updater - INFO -   - PRAYER_TOGGLE_QUICK_PRAYERS
2025-03-07 15:56:30,865 - hierarchy_updater - INFO - Adding 8 actions in category 'farming':
2025-03-07 15:56:30,865 - hierarchy_updater - INFO -   - FARMING_CHECK_PATCH_STATE
2025-03-07 15:56:30,865 - hierarchy_updater - INFO -   - FARMING_HARVEST_PATCH
2025-03-07 15:56:30,865 - hierarchy_updater - INFO -   - FARMING_PLANT_SEED
2025-03-07 15:56:30,865 - hierarchy_updater - INFO -   - FARMING_CURE_DISEASE
2025-03-07 15:56:30,865 - hierarchy_updater - INFO -   - FARMING_COMPOST_PATCH
2025-03-07 15:56:30,865 - hierarchy_updater - INFO -   - FARMING_CLEAR_PATCH
2025-03-07 15:56:30,865 - hierarchy_updater - INFO -   - FARMING_GET_GROWTH_STAGE
2025-03-07 15:56:30,865 - hierarchy_updater - INFO -   - FARMING_INTERACT_PATCH
2025-03-07 15:56:30,866 - hierarchy_updater - INFO - Adding 7 actions in category 'clue_scrolls':
2025-03-07 15:56:30,866 - hierarchy_updater - INFO -   - CLUE_SCROLL_SOLVE_ANAGRAM
2025-03-07 15:56:30,866 - hierarchy_updater - INFO -   - CLUE_SCROLL_SOLVE_CRYPTIC
2025-03-07 15:56:30,866 - hierarchy_updater - INFO -   - CLUE_SCROLL_SOLVE_COORDINATE
2025-03-07 15:56:30,866 - hierarchy_updater - INFO -   - CLUE_SCROLL_SOLVE_EMOTE
2025-03-07 15:56:30,866 - hierarchy_updater - INFO -   - CLUE_SCROLL_SOLVE_MAP
2025-03-07 15:56:30,866 - hierarchy_updater - INFO -   - CLUE_SCROLL_SOLVE_PUZZLE_BOX
2025-03-07 15:56:30,866 - hierarchy_updater - INFO -   - CLUE_SCROLL_DIG
2025-03-07 15:56:30,866 - hierarchy_updater - INFO - Adding 9 actions in category 'interface_menu':
2025-03-07 15:56:30,866 - hierarchy_updater - INFO -   - MENU_CLICK_OPTION
2025-03-07 15:56:30,866 - hierarchy_updater - INFO -   - MENU_GET_OPTIONS
2025-03-07 15:56:30,867 - hierarchy_updater - INFO -   - MENU_IS_OPEN
2025-03-07 15:56:30,867 - hierarchy_updater - INFO -   - MENU_CLOSE
2025-03-07 15:56:30,867 - hierarchy_updater - INFO -   - INTERFACE_CLICK_COMPONENT
2025-03-07 15:56:30,867 - hierarchy_updater - INFO -   - INTERFACE_GET_TEXT
2025-03-07 15:56:30,867 - hierarchy_updater - INFO -   - INTERFACE_GET_HIDDEN_STATUS
2025-03-07 15:56:30,867 - hierarchy_updater - INFO -   - INTERFACE_INPUT_TEXT
2025-03-07 15:56:30,867 - hierarchy_updater - INFO -   - INTERFACE_HANDLE_DIALOG
2025-03-07 15:56:30,867 - hierarchy_updater - INFO - Adding 9 actions in category 'social':
2025-03-07 15:56:30,867 - hierarchy_updater - INFO -   - FRIENDS_ADD
2025-03-07 15:56:30,867 - hierarchy_updater - INFO -   - FRIENDS_REMOVE
2025-03-07 15:56:30,867 - hierarchy_updater - INFO -   - FRIENDS_IS_FRIEND
2025-03-07 15:56:30,868 - hierarchy_updater - INFO -   - FRIENDS_GET_LIST
2025-03-07 15:56:30,868 - hierarchy_updater - INFO -   - FRIENDS_SEND_MESSAGE
2025-03-07 15:56:30,868 - hierarchy_updater - INFO -   - CLAN_CHAT_JOIN
2025-03-07 15:56:30,868 - hierarchy_updater - INFO -   - CLAN_CHAT_LEAVE
2025-03-07 15:56:30,868 - hierarchy_updater - INFO -   - CLAN_CHAT_SEND_MESSAGE
2025-03-07 15:56:30,868 - hierarchy_updater - INFO -   - CLAN_CHAT_GET_MEMBERS
2025-03-07 15:56:30,868 - hierarchy_updater - INFO - Adding 6 actions in category 'minigames':
2025-03-07 15:56:30,868 - hierarchy_updater - INFO -   - MINIGAME_GET_STATE
2025-03-07 15:56:30,868 - hierarchy_updater - INFO -   - MINIGAME_INTERACT
2025-03-07 15:56:30,868 - hierarchy_updater - INFO -   - MINIGAME_GET_POINTS
2025-03-07 15:56:30,868 - hierarchy_updater - INFO -   - MINIGAME_START
2025-03-07 15:56:30,869 - hierarchy_updater - INFO -   - MINIGAME_END
2025-03-07 15:56:30,869 - hierarchy_updater - INFO -   - MINIGAME_PERFORM_ACTION
2025-03-07 15:56:30,884 - hierarchy_updater - INFO - Successfully added 280 missing actions to the hierarchy
2025-03-07 15:56:30,884 - hierarchy_updater - INFO - Successfully updated the action hierarchy with 280 missing actions
