2025-03-08 12:48:59,001 - organize_psc_files - INFO - Loaded category map with 345 action mappings
2025-03-08 12:48:59,002 - organize_psc_files - INFO - Found 24 unique categories: antiban, entities_ground_items, variables_list, social, prayer, logic, grand_exchange, walking, sleep, utilities, clue_scrolls, minigames, banking, farming, combat, entities_npcs, entities_player, entities_game_objects, equipment, widget, inventory, interface_menu, skills, /* COMMENTS AREN'T PART OF JSON, JUST FOR READABILITY */
2025-03-08 12:48:59,002 - organize_psc_files - INFO - Created/verified directory: D:\RS_AI\pandemic-code\psc-dreambot-integration\data\raw\antiban
2025-03-08 12:48:59,003 - organize_psc_files - INFO - Created/verified directory: D:\RS_AI\pandemic-code\psc-dreambot-integration\data\raw\entities_ground_items
2025-03-08 12:48:59,003 - organize_psc_files - INFO - Created/verified directory: D:\RS_AI\pandemic-code\psc-dreambot-integration\data\raw\variables_list
2025-03-08 12:48:59,003 - organize_psc_files - INFO - Created/verified directory: D:\RS_AI\pandemic-code\psc-dreambot-integration\data\raw\social
2025-03-08 12:48:59,003 - organize_psc_files - INFO - Created/verified directory: D:\RS_AI\pandemic-code\psc-dreambot-integration\data\raw\prayer
2025-03-08 12:48:59,004 - organize_psc_files - INFO - Created/verified directory: D:\RS_AI\pandemic-code\psc-dreambot-integration\data\raw\logic
2025-03-08 12:48:59,004 - organize_psc_files - INFO - Created/verified directory: D:\RS_AI\pandemic-code\psc-dreambot-integration\data\raw\grand_exchange
2025-03-08 12:48:59,004 - organize_psc_files - INFO - Created/verified directory: D:\RS_AI\pandemic-code\psc-dreambot-integration\data\raw\walking
2025-03-08 12:48:59,005 - organize_psc_files - INFO - Created/verified directory: D:\RS_AI\pandemic-code\psc-dreambot-integration\data\raw\sleep
2025-03-08 12:48:59,005 - organize_psc_files - INFO - Created/verified directory: D:\RS_AI\pandemic-code\psc-dreambot-integration\data\raw\utilities
2025-03-08 12:48:59,005 - organize_psc_files - INFO - Created/verified directory: D:\RS_AI\pandemic-code\psc-dreambot-integration\data\raw\clue_scrolls
2025-03-08 12:48:59,005 - organize_psc_files - INFO - Created/verified directory: D:\RS_AI\pandemic-code\psc-dreambot-integration\data\raw\minigames
2025-03-08 12:48:59,006 - organize_psc_files - INFO - Created/verified directory: D:\RS_AI\pandemic-code\psc-dreambot-integration\data\raw\banking
2025-03-08 12:48:59,006 - organize_psc_files - INFO - Created/verified directory: D:\RS_AI\pandemic-code\psc-dreambot-integration\data\raw\farming
2025-03-08 12:48:59,006 - organize_psc_files - INFO - Created/verified directory: D:\RS_AI\pandemic-code\psc-dreambot-integration\data\raw\combat
2025-03-08 12:48:59,006 - organize_psc_files - INFO - Created/verified directory: D:\RS_AI\pandemic-code\psc-dreambot-integration\data\raw\entities_npcs
2025-03-08 12:48:59,007 - organize_psc_files - INFO - Created/verified directory: D:\RS_AI\pandemic-code\psc-dreambot-integration\data\raw\entities_player
2025-03-08 12:48:59,007 - organize_psc_files - INFO - Created/verified directory: D:\RS_AI\pandemic-code\psc-dreambot-integration\data\raw\entities_game_objects
2025-03-08 12:48:59,007 - organize_psc_files - INFO - Created/verified directory: D:\RS_AI\pandemic-code\psc-dreambot-integration\data\raw\equipment
2025-03-08 12:48:59,007 - organize_psc_files - INFO - Created/verified directory: D:\RS_AI\pandemic-code\psc-dreambot-integration\data\raw\widget
2025-03-08 12:48:59,007 - organize_psc_files - INFO - Created/verified directory: D:\RS_AI\pandemic-code\psc-dreambot-integration\data\raw\inventory
2025-03-08 12:48:59,008 - organize_psc_files - INFO - Created/verified directory: D:\RS_AI\pandemic-code\psc-dreambot-integration\data\raw\interface_menu
2025-03-08 12:48:59,008 - organize_psc_files - INFO - Created/verified directory: D:\RS_AI\pandemic-code\psc-dreambot-integration\data\raw\skills
